[MFLOG|0|2025-04-17T18:39:05.018450Z|runtime|df239f25-e089-42bc-a18c-4aadba1788e8]✅ Data Sample:
[MFLOG|0|2025-04-17T18:39:05.025902Z|runtime|f03bda28-dfe6-47cb-9388-5a6537b51205]   id         Brand Material  ...  Color  Weight Capacity (kg)      Price
[MFLOG|0|2025-04-17T18:39:05.026077Z|runtime|07232f19-55f5-4964-ab69-32300694cba1]0   0      Jansport  Leather  ...  Black             11.611723  112.15875
[MFLOG|0|2025-04-17T18:39:05.026120Z|runtime|d8a58655-083a-4c7e-b7c3-37a35eec9cb4]1   1      Jansport   Canvas  ...  Green             27.078537   68.88056
[MFLOG|0|2025-04-17T18:39:05.026153Z|runtime|a2f2b300-75b4-42bf-b9f4-0a8bbbdf2321]2   2  Under Armour  Leather  ...    Red             16.643760   39.17320
[MFLOG|0|2025-04-17T18:39:05.026203Z|runtime|32fe04e0-53ef-4e30-aca6-2a81070b7678]3   3          Nike    Nylon  ...  Green             12.937220   80.60793
[MFLOG|0|2025-04-17T18:39:05.026262Z|runtime|f955bc6a-506f-4e4d-8256-4ff9161f8e22]4   4        Adidas   Canvas  ...  Green             17.749338   86.02312
[MFLOG|0|2025-04-17T18:39:05.026287Z|runtime|0e740787-bf00-4856-b959-df8e395844e8]
[MFLOG|0|2025-04-17T18:39:05.026308Z|runtime|51e60778-4c9a-4b96-9727-02882a27136e][5 rows x 11 columns]
[MFLOG|0|2025-04-17T18:39:05.026331Z|runtime|d7559331-3694-4889-b769-28a8aece7146]
[MFLOG|0|2025-04-17T18:39:05.026353Z|runtime|4481a470-1cda-458e-b3df-4af471e55773]Data Types:
[MFLOG|0|2025-04-17T18:39:05.026377Z|runtime|7f183310-eee2-48fe-9b1e-44b2265ba90d]id                        int64
[MFLOG|0|2025-04-17T18:39:05.168486Z|runtime|5a2dd407-84d3-4c48-8ad7-71700e9ce802]Brand                    object
[MFLOG|0|2025-04-17T18:39:05.168561Z|runtime|4c83aa07-ee06-4b76-a925-38ad5406a9de]Material                 object
[MFLOG|0|2025-04-17T18:39:05.168588Z|runtime|3b20e730-fa70-4031-ade5-af9e12b71c00]Size                     object
[MFLOG|0|2025-04-17T18:39:05.168615Z|runtime|43e29aa9-03ca-4779-888f-ffc37d737113]Compartments            float64
[MFLOG|0|2025-04-17T18:39:05.168637Z|runtime|bc972fad-ecbf-4268-b392-4bdf5e23571c]Laptop Compartment       object
[MFLOG|0|2025-04-17T18:39:05.168656Z|runtime|a05861d4-c489-443d-a1df-48535b94570c]Waterproof               object
[MFLOG|0|2025-04-17T18:39:05.168675Z|runtime|57d6d443-c4c1-475f-b63e-a91aa7d72ee9]Style                    object
[MFLOG|0|2025-04-17T18:39:05.168699Z|runtime|111af160-9898-4ecf-9468-d2f21366af3d]Color                    object
[MFLOG|0|2025-04-17T18:39:05.168721Z|runtime|ba4162a3-7d4f-46d2-aaea-2e12f4fa2e35]Weight Capacity (kg)    float64
[MFLOG|0|2025-04-17T18:39:05.168741Z|runtime|4811a5ed-7ffb-43f4-861d-95db48343652]Price                   float64
[MFLOG|0|2025-04-17T18:39:05.168762Z|runtime|9b685724-7cc7-4944-9f16-27ffded6425b]dtype: object
