[MFLOG|0|2025-04-17T18:40:04.736112Z|runtime|9d81c073-c46f-430e-a3c3-bf94176cc1f8]✅ Data Sample:
[MFLOG|0|2025-04-17T18:40:04.740754Z|runtime|ad824122-f7f6-448f-92d4-ede87447b6e0]   id         Brand Material  ...  Color  Weight Capacity (kg)      Price
[MFLOG|0|2025-04-17T18:40:04.740929Z|runtime|b30e66f5-e0ab-43d8-a88f-fa02f1037f93]0   0      Jansport  Leather  ...  Black             11.611723  112.15875
[MFLOG|0|2025-04-17T18:40:04.740984Z|runtime|45f613d6-a9eb-49af-b250-2917516a68f8]1   1      Jansport   Canvas  ...  Green             27.078537   68.88056
[MFLOG|0|2025-04-17T18:40:04.741012Z|runtime|a68a3c81-e0da-4ebb-b350-254fe9574b86]2   2  Under Armour  Leather  ...    Red             16.643760   39.17320
[MFLOG|0|2025-04-17T18:40:04.741037Z|runtime|5217abe9-3122-4483-ae2f-0688b49a4501]3   3          Nike    Nylon  ...  Green             12.937220   80.60793
[MFLOG|0|2025-04-17T18:40:04.741060Z|runtime|706c5d49-b7ea-4ad0-a5ce-44de194f4fd1]4   4        Adidas   Canvas  ...  Green             17.749338   86.02312
[MFLOG|0|2025-04-17T18:40:04.741083Z|runtime|0cc9e5d8-1392-4339-8d0c-f709c7e40c04]
[MFLOG|0|2025-04-17T18:40:04.741108Z|runtime|0ecdb848-a44d-4710-b653-7e1af4e68554][5 rows x 11 columns]
[MFLOG|0|2025-04-17T18:40:04.741132Z|runtime|816a400d-f5d1-445a-8d0f-16ab750d4bad]
[MFLOG|0|2025-04-17T18:40:04.741151Z|runtime|03eaa97e-9563-446e-a422-4a872c7b8969]Data Types:
[MFLOG|0|2025-04-17T18:40:04.741190Z|runtime|e8103ead-37f4-431e-a5ba-21abac94a869]id                        int64
[MFLOG|0|2025-04-17T18:40:05.045852Z|runtime|61d61da3-25b9-451f-acb6-24b90f507b1a]Brand                    object
[MFLOG|0|2025-04-17T18:40:05.045923Z|runtime|04675366-9756-4670-b673-f4434e903431]Material                 object
[MFLOG|0|2025-04-17T18:40:05.045952Z|runtime|e5e1c3a5-239c-4121-b464-8b1f48b11157]Size                     object
[MFLOG|0|2025-04-17T18:40:05.045971Z|runtime|7051c846-2420-4ec6-a6e4-e2e79fb58b9e]Compartments            float64
[MFLOG|0|2025-04-17T18:40:05.045990Z|runtime|45be11ff-bea3-4281-81e7-6ccdc4ae1f54]Laptop Compartment       object
[MFLOG|0|2025-04-17T18:40:05.046007Z|runtime|130a96af-d185-4965-befd-b477925d013e]Waterproof               object
[MFLOG|0|2025-04-17T18:40:05.046025Z|runtime|a75f1ee1-0b3e-4cd3-bbbf-6ac7675f74d2]Style                    object
[MFLOG|0|2025-04-17T18:40:05.046045Z|runtime|b5806f8d-0a6a-4b82-a8ff-96f331be7b80]Color                    object
[MFLOG|0|2025-04-17T18:40:05.046062Z|runtime|0c2aef9e-5be1-4557-8d57-ad29e26a5323]Weight Capacity (kg)    float64
[MFLOG|0|2025-04-17T18:40:05.046081Z|runtime|5f45df1f-d4c7-4b18-b90a-78f4ff015247]Price                   float64
[MFLOG|0|2025-04-17T18:40:05.046117Z|runtime|474074c5-91bf-4324-ae57-63f9a27e3e95]dtype: object
